Removed Pin From Net: NetName=NetDS1_1 Pin=R30-1
Removed Pin From Net: NetName=NetDS2_1 Pin=R31-1
Removed Pin From Net: NetName=NetDS3_1 Pin=R44-2
Removed Pin From Net: NetName=5V Pin=SB1-2
Removed Pin From Net: NetName=VBUS Pin=SB2-2
Removed Pin From Net: NetName=PPS Pin=SB3-2
Added Pin To Net: NetName=5V Pin=R30-2
Added Pin To Net: NetName=VBUS Pin=R31-2
Added Pin To Net: NetName=PPS Pin=R44-1
Added Pin To Net: NetName=NetDS1_1 Pin=SB1-1
Added Pin To Net: NetName=NetDS2_1 Pin=SB2-1
Added Pin To Net: NetName=NetDS3_1 Pin=SB3-1
Added Pin To Net: NetName=NetR30_1 Pin=R30-1
Added Pin To Net: NetName=NetR30_1 Pin=SB1-2
Added Net: Name=NetR30_1
Added Pin To Net: NetName=NetR31_1 Pin=R31-1
Added Pin To Net: NetName=NetR31_1 Pin=SB2-2
Added Net: Name=NetR31_1
Added Pin To Net: NetName=NetR44_2 Pin=R44-2
Added Pin To Net: NetName=NetR44_2 Pin=SB3-2
Added Net: Name=NetR44_2
