Removed Pin From Net: NetName=NetBT1_1 Pin=C11-1
Removed Pin From Net: NetName=GND Pin=C11-2
Removed Pin From Net: NetName=GND Pin=J6-2
Removed Pin From Net: NetName=GND Pin=J6-3
Removed Pin From Net: NetName=GND Pin=J6-4
Removed Pin From Net: NetName=GND Pin=J6-5
Removed Pin From Net: NetName=SDA0 Pin=R40-1
Removed Pin From Net: NetName=TX1 Pin=R41-1
Removed Pin From Net: NetName=RX1 Pin=R42-1
Removed Pin From Net: NetName=GNSS_EXTINT Pin=R43-2
Removed Pin From Net: NetName=GNSS_RST Pin=R45-1
Removed Pin From Net: NetName=GND Pin=U5-1
Removed Pin From Net: NetName=NetR42_2 Pin=U5-2
Removed Pin From Net: NetName=NetR41_2 Pin=U5-3
Removed Pin From Net: NetName=PPS Pin=U5-4
Removed Pin From Net: NetName=NetBT1_1 Pin=U5-6
Removed Pin From Net: NetName=3.3V Pin=U5-7
Removed Pin From Net: NetName=3.3V Pin=U5-8
Removed Pin From Net: NetName=GND Pin=U5-10
Removed Pin From Net: NetName=GND Pin=U5-12
Removed Pin From Net: NetName=NetR40_2 Pin=U5-16
Removed Pin From Net: NetName=NetR39_2 Pin=U5-17
Removed Member From Class: ClassName=Communication Member=J6
Removed Member From Class: ClassName=Communication Member=R43
Removed Member From Class: ClassName=Communication Member=R45
Removed Member From Class: ClassName=Communication Member=U9
Change Component Comment : Designator=C11 Old Comment=CL10B105KP8NNNC New Comment=CL10B104MB8NNNC
Change Component Designator: OldDesignator=U9 NewDesignator=U5
Change Managed Component Library Link : Designator=C11 Old VaultGUID=B7D15EC3-160A-466F-A46C-7801FE6295A7 New VaultGUID=B7D15EC3-160A-466F-A46C-7801FE6295A7 Old ItemGUID=E4717A82-1D1B-49FA-8B52-39ED1B64A2A3 New ItemGUID=2E825F06-B3F1-45F3-9745-7274E23EB809 Old RevisionGUID=78EAFC8C-810A-42F8-8173-DF9EA706C51D New RevisionGUID=461FB60B-4916-4ED3-B5AE-C78DAA776857
Change component parameters: Designator = "C11" ("C11"); Footprint = "FP-CL10-IPC_C"; UniqueID = "\JDKXUDJF" ("\JDKXUDJF")
Change component parameters (AddParameter): Name = "Capacitance"; Value = "100nF"; VariantName = "[No Variations]"
Change component parameters (AddParameter): Name = "Case Code (Imperial)"; Value = "0603"; VariantName = "[No Variations]"
Change component parameters (AddParameter): Name = "Case Code (Metric)"; Value = "1608"; VariantName = "[No Variations]"
Change component parameters (AddParameter): Name = "Case/Package"; Value = "0603"; VariantName = "[No Variations]"
Change component parameters (AddParameter): Name = "Depth"; Value = "0.8mm"; VariantName = "[No Variations]"
Change component parameters (AddParameter): Name = "Dielectric"; Value = "X7R"; VariantName = "[No Variations]"
Change component parameters (AddParameter): Name = "Height"; Value = "0.8mm"; VariantName = "[No Variations]"
Change component parameters (AddParameter): Name = "Lead Free"; Value = "Lead Free"; VariantName = "[No Variations]"
Change component parameters (AddParameter): Name = "Length"; Value = "1.6mm"; VariantName = "[No Variations]"
Change component parameters (AddParameter): Name = "Max Operating Temperature"; Value = "125°C"; VariantName = "[No Variations]"
Change component parameters (AddParameter): Name = "Min Operating Temperature"; Value = "-55°C"; VariantName = "[No Variations]"
Change component parameters (AddParameter): Name = "Mount"; Value = "Surface Mount"; VariantName = "[No Variations]"
Change component parameters (AddParameter): Name = "Package Quantity"; Value = "1"; VariantName = "[No Variations]"
Change component parameters (AddParameter): Name = "Packaging"; Value = "Tape and Reel"; VariantName = "[No Variations]"
Change component parameters (AddParameter): Name = "Radiation Hardening"; Value = "No"; VariantName = "[No Variations]"
Change component parameters (AddParameter): Name = "Thickness"; Value = "0.035inch"; VariantName = "[No Variations]"
Change component parameters (AddParameter): Name = "Tolerance"; Value = "20%"; VariantName = "[No Variations]"
Change component parameters (AddParameter): Name = "Voltage Rating"; Value = "50V"; VariantName = "[No Variations]"
Change component parameters (AddParameter): Name = "Voltage Rating (DC)"; Value = "50V"; VariantName = "[No Variations]"
Change component parameters (AddParameter): Name = "Width"; Value = "0.031inch"; VariantName = "[No Variations]"
Added Component: Designator=R10(0603 Resistor)
Add component (AddParameter): Name = "Package"; Value = "0603"; VariantName = "[No Variations]"
Add component (AddParameter): Name = "Power Rating"; Value = "100mW"; VariantName = "[No Variations]"
Add component (AddParameter): Name = "Resistance"; Value = "33"; VariantName = "[No Variations]"
Add component (AddParameter): Name = "Tolerance"; Value = "5%"; VariantName = "[No Variations]"
Added Component: Designator=R11(0603 Resistor)
Add component (AddParameter): Name = "Package"; Value = "0603"; VariantName = "[No Variations]"
Add component (AddParameter): Name = "Power Rating"; Value = "100mW"; VariantName = "[No Variations]"
Add component (AddParameter): Name = "Resistance"; Value = "33"; VariantName = "[No Variations]"
Add component (AddParameter): Name = "Tolerance"; Value = "5%"; VariantName = "[No Variations]"
Added Pin To Net: NetName=GND Pin=C11-1
Added Pin To Net: NetName=NetBT1_1 Pin=C11-2
Added Pin To Net: NetName=GNSS_RST Pin=R10-1
Added Pin To Net: NetName=GNSS_EXTINT Pin=R11-2
Added Pin To Net: NetName=RX1 Pin=R40-1
Added Pin To Net: NetName=SDA0 Pin=R41-1
Added Pin To Net: NetName=TX1 Pin=R42-1
Added Pin To Net: NetName=GND Pin=U5-1
Added Pin To Net: NetName=3.3V Pin=U5-2
Added Pin To Net: NetName=NetBT1_1 Pin=U5-3
Added Pin To Net: NetName=GND Pin=U5-4
Added Pin To Net: NetName=GND Pin=U5-5
Added Pin To Net: NetName=GND Pin=U5-6
Added Pin To Net: NetName=PPS Pin=U5-7
Added Pin To Net: NetName=NetR41_2 Pin=U5-9
Added Pin To Net: NetName=GND Pin=U5-10
Added Pin To Net: NetName=GND Pin=U5-11
Added Pin To Net: NetName=NetR39_2 Pin=U5-12
Added Pin To Net: NetName=NetR40_2 Pin=U5-13
Added Pin To Net: NetName=NetR42_2 Pin=U5-14
Added Pin To Net: NetName=GND Pin=U5-15
Added Pin To Net: NetName=GND Pin=U5-16
Added Pin To Net: NetName=3.3V Pin=U5-17
Added Pin To Net: NetName=GND Pin=U5-20
Added Pin To Net: NetName=NetR10_2 Pin=R10-2
Added Pin To Net: NetName=NetR10_2 Pin=U5-18
Added Net: Name=NetR10_2
Added Pin To Net: NetName=NetR11_1 Pin=R11-1
Added Pin To Net: NetName=NetR11_1 Pin=U5-19
Added Net: Name=NetR11_1
Added Member To Class: ClassName=Communication Member=Component R10 CRGCQ0603J33R
Added Member To Class: ClassName=Communication Member=Component R11 CRGCQ0603J33R
