Removed Pin From Net: NetName=GND Pin=R30-1
Removed Pin From Net: NetName=GND Pin=R31-1
Removed Pin From Net: NetName=GND Pin=R44-2
Removed Pin From Net: NetName=NetDS1_1 Pin=SB1-1
Removed Pin From Net: NetName=NetDS2_1 Pin=SB2-1
Removed Pin From Net: NetName=NetDS3_1 Pin=SB3-1
Added Pin To Net: NetName=GND Pin=DS1-2
Added Pin To Net: NetName=GND Pin=DS2-2
Added Pin To Net: NetName=GND Pin=DS3-2
Added Pin To Net: NetName=NetDS1_1 Pin=R30-1
Added Pin To Net: NetName=NetDS2_1 Pin=R31-1
Added Pin To Net: NetName=NetDS3_1 Pin=R44-2
Added Pin To Net: NetName=NetR30_2 Pin=R30-2
Added Pin To Net: NetName=NetR30_2 Pin=SB1-1
Added Net: Name=NetR30_2
Added Pin To Net: NetName=NetR31_2 Pin=R31-2
Added Pin To Net: NetName=NetR31_2 Pin=SB2-1
Added Net: Name=NetR31_2
Added Pin To Net: NetName=NetR44_1 Pin=R44-1
Added Pin To Net: NetName=NetR44_1 Pin=SB3-1
Added Net: Name=NetR44_1
